<?xml version="1.0" encoding="UTF-8"?>
<!-- Generated by org.testng.reporters.JUnitReportReporter -->
<testsuite hostname="MLBSRL-20159" failures="0" tests="2" name="SeleniumSessions.GoogleTitleTest" time="13.051" errors="0" timestamp="06 Sep 2018 15:36:45 GMT" skipped="0">
  <testcase classname="SeleniumSessions.GoogleTitleTest" name="LogoTest" time="5.834"/>
  <testcase classname="SeleniumSessions.GoogleTitleTest" name="TestTiltle" time="7.217"/>
</testsuite> <!-- SeleniumSessions.GoogleTitleTest -->
