<?xml version="1.0" encoding="UTF-8"?>
<!-- Generated by org.testng.reporters.JUnitReportReporter -->
<testsuite hostname="MLBSRL-20159" failures="0" tests="10" name="SeleniumSessions.InvokationCountTest" time="0.041" errors="0" timestamp="06 Sep 2018 13:24:56 GMT" skipped="0">
  <testcase classname="SeleniumSessions.InvokationCountTest" name="sum" time="0.004"/>
  <testcase classname="SeleniumSessions.InvokationCountTest" name="sum" time="0.002"/>
  <testcase classname="SeleniumSessions.InvokationCountTest" name="sum" time="0.002"/>
  <testcase classname="SeleniumSessions.InvokationCountTest" name="sum" time="0.002"/>
  <testcase classname="SeleniumSessions.InvokationCountTest" name="sum" time="0.018"/>
  <testcase classname="SeleniumSessions.InvokationCountTest" name="sum" time="0.003"/>
  <testcase classname="SeleniumSessions.InvokationCountTest" name="sum" time="0.001"/>
  <testcase classname="SeleniumSessions.InvokationCountTest" name="sum" time="0.002"/>
  <testcase classname="SeleniumSessions.InvokationCountTest" name="sum" time="0.002"/>
  <testcase classname="SeleniumSessions.InvokationCountTest" name="sum" time="0.005"/>
</testsuite> <!-- SeleniumSessions.InvokationCountTest -->
